# JRE version: Java(TM) SE Runtime Environment (17.0.8+9) (build 17.0.8+9-LTS-211)
# Java VM: Java HotSpot(TM) 64-Bit Server VM (17.0.8+9-LTS-211, mixed mode, emulated-client, sharing, tiered, compressed oops, compressed class ptrs, g1 gc, windows-amd64)
GC Precious Log:
 CPUs: 8 total, 8 available
 Memory: 8053M
 Large Page Support: Disabled
 NUMA Support: Disabled
 Compressed Oops: Enabled (32-bit)
 Heap Region Size: 1M
 Heap Min Capacity: 8M
 Heap Initial Capacity: 126M
 Heap Max Capacity: 2014M
 Pre-touch: Disabled
 Parallel Workers: 8
 Concurrent Workers: 2
 Concurrent Refinement Workers: 8
 Periodic GC: Disabled
Heap:
 garbage-first heap   total 80896K, used 58434K [0x0000000082200000, 0x0000000100000000)
  region size 1024K, 20 young (20480K), 4 survivors (4096K)
 Metaspace       used 56475K, committed 57024K, reserved 1114112K
  class space    used 7690K, committed 7936K, reserved 1048576K
GC Heap History (20 events):
Event: 3.033 GC heap before
{Heap before GC invocations=10 (full 0):
 garbage-first heap   total 51200K, used 38355K [0x0000000082200000, 0x0000000100000000)
  region size 1024K, 22 young (22528K), 3 survivors (3072K)
 Metaspace       used 29903K, committed 30272K, reserved 1114112K
  class space    used 4124K, committed 4288K, reserved 1048576K
}
Event: 3.037 GC heap after
{Heap after GC invocations=11 (full 0):
 garbage-first heap   total 51200K, used 20531K [0x0000000082200000, 0x0000000100000000)
  region size 1024K, 3 young (3072K), 3 survivors (3072K)
 Metaspace       used 29903K, committed 30272K, reserved 1114112K
  class space    used 4124K, committed 4288K, reserved 1048576K
}
Event: 3.323 GC heap before
{Heap before GC invocations=11 (full 0):
 garbage-first heap   total 51200K, used 38963K [0x0000000082200000, 0x0000000100000000)
  region size 1024K, 21 young (21504K), 3 survivors (3072K)
 Metaspace       used 32355K, committed 32768K, reserved 1114112K
  class space    used 4403K, committed 4608K, reserved 1048576K
}
Event: 3.327 GC heap after
{Heap after GC invocations=12 (full 0):
 garbage-first heap   total 80896K, used 22502K [0x0000000082200000, 0x0000000100000000)
  region size 1024K, 2 young (2048K), 2 survivors (2048K)
 Metaspace       used 32355K, committed 32768K, reserved 1114112K
  class space    used 4403K, committed 4608K, reserved 1048576K
}
Event: 3.615 GC heap before
{Heap before GC invocations=12 (full 0):
 garbage-first heap   total 80896K, used 37862K [0x0000000082200000, 0x0000000100000000)
  region size 1024K, 18 young (18432K), 2 survivors (2048K)
 Metaspace       used 35731K, committed 36096K, reserved 1114112K
  class space    used 4852K, committed 5056K, reserved 1048576K
}
Event: 3.619 GC heap after
{Heap after GC invocations=13 (full 0):
 garbage-first heap   total 80896K, used 23350K [0x0000000082200000, 0x0000000100000000)
  region size 1024K, 3 young (3072K), 3 survivors (3072K)
 Metaspace       used 35731K, committed 36096K, reserved 1114112K
  class space    used 4852K, committed 5056K, reserved 1048576K
}
Event: 3.831 GC heap before
{Heap before GC invocations=14 (full 0):
 garbage-first heap   total 80896K, used 63286K [0x0000000082200000, 0x0000000100000000)
  region size 1024K, 42 young (43008K), 3 survivors (3072K)
 Metaspace       used 37037K, committed 37440K, reserved 1114112K
  class space    used 5038K, committed 5248K, reserved 1048576K
}
Event: 3.834 GC heap after
{Heap after GC invocations=15 (full 0):
 garbage-first heap   total 80896K, used 23864K [0x0000000082200000, 0x0000000100000000)
  region size 1024K, 4 young (4096K), 4 survivors (4096K)
 Metaspace       used 37037K, committed 37440K, reserved 1114112K
  class space    used 5038K, committed 5248K, reserved 1048576K
}
Event: 4.469 GC heap before
{Heap before GC invocations=16 (full 0):
 garbage-first heap   total 80896K, used 64824K [0x0000000082200000, 0x0000000100000000)
  region size 1024K, 44 young (45056K), 4 survivors (4096K)
 Metaspace       used 42186K, committed 42496K, reserved 1114112K
  class space    used 5749K, committed 5888K, reserved 1048576K
}
Event: 4.474 GC heap after
{Heap after GC invocations=17 (full 0):
 garbage-first heap   total 80896K, used 27563K [0x0000000082200000, 0x0000000100000000)
  region size 1024K, 6 young (6144K), 6 survivors (6144K)
 Metaspace       used 42186K, committed 42496K, reserved 1114112K
  class space    used 5749K, committed 5888K, reserved 1048576K
}
Event: 5.027 GC heap before
{Heap before GC invocations=17 (full 0):
 garbage-first heap   total 80896K, used 64427K [0x0000000082200000, 0x0000000100000000)
  region size 1024K, 42 young (43008K), 6 survivors (6144K)
 Metaspace       used 45616K, committed 46080K, reserved 1114112K
  class space    used 6341K, committed 6528K, reserved 1048576K
}
Event: 5.033 GC heap after
{Heap after GC invocations=18 (full 0):
 garbage-first heap   total 80896K, used 30904K [0x0000000082200000, 0x0000000100000000)
  region size 1024K, 4 young (4096K), 4 survivors (4096K)
 Metaspace       used 45616K, committed 46080K, reserved 1114112K
  class space    used 6341K, committed 6528K, reserved 1048576K
}
Event: 5.269 GC heap before
{Heap before GC invocations=18 (full 0):
 garbage-first heap   total 80896K, used 64696K [0x0000000082200000, 0x0000000100000000)
  region size 1024K, 37 young (37888K), 4 survivors (4096K)
 Metaspace       used 45677K, committed 46144K, reserved 1114112K
  class space    used 6351K, committed 6528K, reserved 1048576K
}
Event: 5.272 GC heap after
{Heap after GC invocations=19 (full 0):
 garbage-first heap   total 80896K, used 32166K [0x0000000082200000, 0x0000000100000000)
  region size 1024K, 2 young (2048K), 2 survivors (2048K)
 Metaspace       used 45677K, committed 46144K, reserved 1114112K
  class space    used 6351K, committed 6528K, reserved 1048576K
}
Event: 12.978 GC heap before
{Heap before GC invocations=19 (full 0):
 garbage-first heap   total 80896K, used 63910K [0x0000000082200000, 0x0000000100000000)
  region size 1024K, 34 young (34816K), 2 survivors (2048K)
 Metaspace       used 50559K, committed 51008K, reserved 1114112K
  class space    used 6946K, committed 7168K, reserved 1048576K
}
Event: 12.981 GC heap after
{Heap after GC invocations=20 (full 0):
 garbage-first heap   total 80896K, used 33613K [0x0000000082200000, 0x0000000100000000)
  region size 1024K, 3 young (3072K), 3 survivors (3072K)
 Metaspace       used 50559K, committed 51008K, reserved 1114112K
  class space    used 6946K, committed 7168K, reserved 1048576K
}
Event: 14.043 GC heap before
{Heap before GC invocations=20 (full 0):
 garbage-first heap   total 80896K, used 68429K [0x0000000082200000, 0x0000000100000000)
  region size 1024K, 35 young (35840K), 3 survivors (3072K)
 Metaspace       used 55184K, committed 55616K, reserved 1114112K
  class space    used 7488K, committed 7680K, reserved 1048576K
}
Event: 14.047 GC heap after
{Heap after GC invocations=21 (full 0):
 garbage-first heap   total 80896K, used 39446K [0x0000000082200000, 0x0000000100000000)
  region size 1024K, 5 young (5120K), 5 survivors (5120K)
 Metaspace       used 55184K, committed 55616K, reserved 1114112K
  class space    used 7488K, committed 7680K, reserved 1048576K
}
Event: 14.238 GC heap before
{Heap before GC invocations=21 (full 0):
 garbage-first heap   total 80896K, used 61974K [0x0000000082200000, 0x0000000100000000)
  region size 1024K, 28 young (28672K), 5 survivors (5120K)
 Metaspace       used 55739K, committed 56256K, reserved 1114112K
  class space    used 7597K, committed 7808K, reserved 1048576K
}
Event: 14.243 GC heap after
{Heap after GC invocations=22 (full 0):
 garbage-first heap   total 80896K, used 43074K [0x0000000082200000, 0x0000000100000000)
  region size 1024K, 4 young (4096K), 4 survivors (4096K)
 Metaspace       used 55739K, committed 56256K, reserved 1114112K
  class space    used 7597K, committed 7808K, reserved 1048576K
}

